[debug] [2020-10-18T16:04:20.761Z] ----------------------------------------------------------------------
[debug] [2020-10-18T16:04:20.764Z] Command:       C:\Program Files\nodejs\node.exe C:\Users\aditya oad\AppData\Roaming\npm\node_modules\firebase-tools\lib\bin\firebase.js deploy
[debug] [2020-10-18T16:04:20.764Z] CLI Version:   8.12.1
[debug] [2020-10-18T16:04:20.764Z] Platform:      win32
[debug] [2020-10-18T16:04:20.764Z] Node Version:  v12.18.3
[debug] [2020-10-18T16:04:20.765Z] Time:          Sun Oct 18 2020 21:34:20 GMT+0530 (India Standard Time)
[debug] [2020-10-18T16:04:20.766Z] ----------------------------------------------------------------------
[debug] [2020-10-18T16:04:20.766Z] 
[debug] [2020-10-18T16:04:20.775Z] > command requires scopes: ["email","openid","https://www.googleapis.com/auth/cloudplatformprojects.readonly","https://www.googleapis.com/auth/firebase","https://www.googleapis.com/auth/cloud-platform"]
[debug] [2020-10-18T16:04:20.776Z] > authorizing via signed-in user
[debug] [2020-10-18T16:04:20.776Z] [iam] checking project cornertree-c15fa for permissions ["firebase.projects.get","firebasehosting.sites.update"]
[debug] [2020-10-18T16:04:20.780Z] >>> HTTP REQUEST POST https://cloudresourcemanager.googleapis.com/v1/projects/cornertree-c15fa:testIamPermissions  
 {"permissions":["firebase.projects.get","firebasehosting.sites.update"]}
[debug] [2020-10-18T16:04:22.727Z] <<< HTTP RESPONSE 200 {"content-type":"application/json; charset=UTF-8","vary":"X-Origin, Referer, Origin,Accept-Encoding","date":"Sun, 18 Oct 2020 16:04:21 GMT","server":"ESF","cache-control":"private","x-xss-protection":"0","x-frame-options":"SAMEORIGIN","x-content-type-options":"nosniff","server-timing":"gfet4t7; dur=1341","alt-svc":"h3-Q050=\":443\"; ma=2592000,h3-29=\":443\"; ma=2592000,h3-27=\":443\"; ma=2592000,h3-T051=\":443\"; ma=2592000,h3-T050=\":443\"; ma=2592000,h3-Q046=\":443\"; ma=2592000,h3-Q043=\":443\"; ma=2592000,quic=\":443\"; ma=2592000; v=\"46,43\"","accept-ranges":"none","transfer-encoding":"chunked"}
[debug] [2020-10-18T16:04:22.734Z] >>> HTTP REQUEST GET https://firebase.googleapis.com/v1beta1/projects/cornertree-c15fa  
 
[debug] [2020-10-18T16:04:23.339Z] <<< HTTP RESPONSE 200 {"content-type":"application/json; charset=UTF-8","vary":"X-Origin, Referer, Origin,Accept-Encoding","date":"Sun, 18 Oct 2020 16:04:22 GMT","server":"ESF","cache-control":"private","x-xss-protection":"0","x-frame-options":"SAMEORIGIN","x-content-type-options":"nosniff","alt-svc":"h3-Q050=\":443\"; ma=2592000,h3-29=\":443\"; ma=2592000,h3-27=\":443\"; ma=2592000,h3-T051=\":443\"; ma=2592000,h3-T050=\":443\"; ma=2592000,h3-Q046=\":443\"; ma=2592000,h3-Q043=\":443\"; ma=2592000,quic=\":443\"; ma=2592000; v=\"46,43\"","accept-ranges":"none","transfer-encoding":"chunked"}
[info] 
[info] === Deploying to 'cornertree-c15fa'...
[info] 
[info] i  deploying hosting 
[debug] [2020-10-18T16:04:23.393Z] >>> HTTP REQUEST POST https://firebasehosting.googleapis.com/v1beta1/sites/cornertree-c15fa/versions  
 {"config":{"rewrites":[{"glob":"**","path":"/index.html"}]},"labels":{"deployment-tool":"cli-firebase"}}
[debug] [2020-10-18T16:04:26.341Z] <<< HTTP RESPONSE 200 {"content-type":"application/json; charset=UTF-8","vary":"X-Origin, Referer, Origin,Accept-Encoding","date":"Sun, 18 Oct 2020 16:04:25 GMT","server":"ESF","cache-control":"private","x-xss-protection":"0","x-frame-options":"SAMEORIGIN","x-content-type-options":"nosniff","alt-svc":"h3-Q050=\":443\"; ma=2592000,h3-29=\":443\"; ma=2592000,h3-27=\":443\"; ma=2592000,h3-T051=\":443\"; ma=2592000,h3-T050=\":443\"; ma=2592000,h3-Q046=\":443\"; ma=2592000,h3-Q043=\":443\"; ma=2592000,quic=\":443\"; ma=2592000; v=\"46,43\"","accept-ranges":"none","transfer-encoding":"chunked"}
[info] i  hosting[cornertree-c15fa]: beginning deploy... 
[info] i  hosting[cornertree-c15fa]: found 20 files in build 
[debug] [2020-10-18T16:04:26.421Z] [hosting] hash cache [YnVpbGQ] not populated
[debug] [2020-10-18T16:04:28.397Z] [hosting] hash cache [YnVpbGQ] stored for 20 files
[debug] [2020-10-18T16:04:28.400Z] [hosting][hash queue][FINAL] {"max":1836,"min":32,"avg":152.55,"active":0,"complete":20,"success":20,"errored":0,"retried":0,"total":20,"elapsed":1977}
[debug] [2020-10-18T16:04:28.400Z] >>> HTTP REQUEST POST https://firebasehosting.googleapis.com/v1beta1/sites/cornertree-c15fa/versions/a0ec8a8e0e9fb6a3:populateFiles  
 <request body omitted>
[debug] [2020-10-18T16:04:30.433Z] <<< HTTP RESPONSE 200 {"content-type":"application/json; charset=UTF-8","vary":"X-Origin, Referer, Origin,Accept-Encoding","date":"Sun, 18 Oct 2020 16:04:29 GMT","server":"ESF","cache-control":"private","x-xss-protection":"0","x-frame-options":"SAMEORIGIN","x-content-type-options":"nosniff","alt-svc":"h3-Q050=\":443\"; ma=2592000,h3-29=\":443\"; ma=2592000,h3-27=\":443\"; ma=2592000,h3-T051=\":443\"; ma=2592000,h3-T050=\":443\"; ma=2592000,h3-Q046=\":443\"; ma=2592000,h3-Q043=\":443\"; ma=2592000,quic=\":443\"; ma=2592000; v=\"46,43\"","accept-ranges":"none","transfer-encoding":"chunked"}
[debug] [2020-10-18T16:04:30.514Z] [hosting][populate queue][FINAL] {"max":2057,"min":2057,"avg":2057,"active":0,"complete":1,"success":1,"errored":0,"retried":0,"total":1,"elapsed":2128}
[debug] [2020-10-18T16:04:30.515Z] [hosting] uploads queued: 20
[debug] [2020-10-18T16:04:52.176Z] [uploadQueue] Retrying task d96ddbc4933b04e12c738ab39f469573143949ca2c39eda0a49d16f83d40c319
[debug] [2020-10-18T16:04:52.180Z] [uploadQueue] Retrying task bfe106a3fb878dc83461c86818bf74fc1bdc7f28538ba613cd3e775516ce8b49
[debug] [2020-10-18T16:04:52.182Z] [uploadQueue] Retrying task 5b5700da6438de11d297bbe1692bb7e1e3a312de339138aaabb95832927bc2e7
[debug] [2020-10-18T16:04:52.184Z] [uploadQueue] Retrying task ee7e2f3fdb8209c4b6fd7bef6ba50d1b9dba30a25bb5c3126df057e1cb6f5331
[debug] [2020-10-18T16:04:52.186Z] [uploadQueue] Retrying task 1b79f935e315a3ed7147c4e73608fbe1532435d54487f5b4196df35c7500606d
[debug] [2020-10-18T16:04:52.188Z] [uploadQueue] Retrying task 0a8fa45ef4f6cb301747d57c16b88837a810416938180754f0c5bd894aa1789c
[debug] [2020-10-18T16:04:52.190Z] [uploadQueue] Retrying task 53fa99e855cdb73bbc4989747c0471e414f4752db7c0c13287c87640e50c6035
[debug] [2020-10-18T16:04:52.192Z] [uploadQueue] Retrying task c4e9c4d31b69a7a62833a3d45c7422a6345e58a1067e73e88986f3ee87933345
[debug] [2020-10-18T16:04:52.194Z] [uploadQueue] Retrying task 4b0e7ed5ff795664cf476932a9fc8d5876ffcd1f393724a4a5c2f0b84549102d
[debug] [2020-10-18T16:04:52.196Z] [uploadQueue] Retrying task 603e135059af930859302fba0e77e75d65f7274fe776b628ed52f25bf7e56d98
[debug] [2020-10-18T16:04:52.198Z] [uploadQueue] Retrying task 0d9f56955bf1f42304ab9b0b7c6ba1383dce4e2e5a5b35db9439996876dee178
[debug] [2020-10-18T16:04:52.200Z] [uploadQueue] Retrying task aff3449bdc238776f5d6d967f19ec491b36aed5fb7f23ccff6500736fd58494a
[debug] [2020-10-18T16:04:52.202Z] [uploadQueue] Retrying task 47a30a062235331efa92919562e9c26c0b1467d85ba5393dec0ad8ffd3207d4e
[debug] [2020-10-18T16:04:52.204Z] [uploadQueue] Retrying task 967c33d541013078331ac85ae028ede9c69598afafc4d2d00ab7db303a9943e5
[debug] [2020-10-18T16:04:52.207Z] [uploadQueue] Retrying task 2b661f7da851dbd10b01b6c5130d13e4953e137f7c47beba8f21e0292a695e13
[debug] [2020-10-18T16:04:52.209Z] [uploadQueue] Retrying task 7721f12f1fd93bd9f90cbedf86f37e533811addc13025f8cd71f53b96898c72d
[debug] [2020-10-18T16:04:52.211Z] [uploadQueue] Retrying task 3ee59515172ee198f3be375979df15ac5345183e656720a381b8872b2a39dc8b
[debug] [2020-10-18T16:04:52.213Z] [uploadQueue] Retrying task 0ea5bd345f0a9f3090ca018fc149476748dd4ae948bb85141661fe62cb862770
[debug] [2020-10-18T16:04:52.215Z] [uploadQueue] Retrying task eef26590b919daa627ac7ea17e6a287721c7aad17359536a7b861c6ab1eccbaa
[debug] [2020-10-18T16:04:52.217Z] [uploadQueue] Retrying task 8af9bc9bf573af4db3d81273c0f7dce8b06adb663d7d44164394f2f3cc56bea0
[debug] [2020-10-18T16:05:14.105Z] [uploadQueue] Retrying task bfe106a3fb878dc83461c86818bf74fc1bdc7f28538ba613cd3e775516ce8b49
[debug] [2020-10-18T16:05:14.109Z] [uploadQueue] Retrying task d96ddbc4933b04e12c738ab39f469573143949ca2c39eda0a49d16f83d40c319
[debug] [2020-10-18T16:05:14.112Z] [uploadQueue] Retrying task ee7e2f3fdb8209c4b6fd7bef6ba50d1b9dba30a25bb5c3126df057e1cb6f5331
[debug] [2020-10-18T16:05:14.115Z] [uploadQueue] Retrying task 5b5700da6438de11d297bbe1692bb7e1e3a312de339138aaabb95832927bc2e7
[debug] [2020-10-18T16:05:14.120Z] [uploadQueue] Retrying task 0a8fa45ef4f6cb301747d57c16b88837a810416938180754f0c5bd894aa1789c
[debug] [2020-10-18T16:05:14.125Z] [uploadQueue] Retrying task 1b79f935e315a3ed7147c4e73608fbe1532435d54487f5b4196df35c7500606d
[debug] [2020-10-18T16:05:14.130Z] [uploadQueue] Retrying task 53fa99e855cdb73bbc4989747c0471e414f4752db7c0c13287c87640e50c6035
[debug] [2020-10-18T16:05:14.143Z] [uploadQueue] Retrying task c4e9c4d31b69a7a62833a3d45c7422a6345e58a1067e73e88986f3ee87933345
[debug] [2020-10-18T16:05:14.147Z] [uploadQueue] Retrying task 4b0e7ed5ff795664cf476932a9fc8d5876ffcd1f393724a4a5c2f0b84549102d
[debug] [2020-10-18T16:05:14.150Z] [uploadQueue] Retrying task aff3449bdc238776f5d6d967f19ec491b36aed5fb7f23ccff6500736fd58494a
[debug] [2020-10-18T16:05:14.158Z] [uploadQueue] Retrying task 0d9f56955bf1f42304ab9b0b7c6ba1383dce4e2e5a5b35db9439996876dee178
[debug] [2020-10-18T16:05:14.163Z] [uploadQueue] Retrying task 2b661f7da851dbd10b01b6c5130d13e4953e137f7c47beba8f21e0292a695e13
[debug] [2020-10-18T16:05:14.171Z] [uploadQueue] Retrying task 603e135059af930859302fba0e77e75d65f7274fe776b628ed52f25bf7e56d98
[debug] [2020-10-18T16:05:14.178Z] [uploadQueue] Retrying task 7721f12f1fd93bd9f90cbedf86f37e533811addc13025f8cd71f53b96898c72d
[debug] [2020-10-18T16:05:14.180Z] [uploadQueue] Retrying task 3ee59515172ee198f3be375979df15ac5345183e656720a381b8872b2a39dc8b
[debug] [2020-10-18T16:05:14.182Z] [uploadQueue] Retrying task 47a30a062235331efa92919562e9c26c0b1467d85ba5393dec0ad8ffd3207d4e
[debug] [2020-10-18T16:05:14.184Z] [uploadQueue] Retrying task eef26590b919daa627ac7ea17e6a287721c7aad17359536a7b861c6ab1eccbaa
[debug] [2020-10-18T16:05:14.187Z] [uploadQueue] Retrying task 967c33d541013078331ac85ae028ede9c69598afafc4d2d00ab7db303a9943e5
[debug] [2020-10-18T16:05:14.190Z] [uploadQueue] Retrying task 8af9bc9bf573af4db3d81273c0f7dce8b06adb663d7d44164394f2f3cc56bea0
[debug] [2020-10-18T16:05:14.193Z] [uploadQueue] Retrying task 0ea5bd345f0a9f3090ca018fc149476748dd4ae948bb85141661fe62cb862770
[debug] [2020-10-18T16:05:36.859Z] [uploadQueue] Retrying task bfe106a3fb878dc83461c86818bf74fc1bdc7f28538ba613cd3e775516ce8b49
[debug] [2020-10-18T16:05:36.862Z] [uploadQueue] Retrying task ee7e2f3fdb8209c4b6fd7bef6ba50d1b9dba30a25bb5c3126df057e1cb6f5331
[debug] [2020-10-18T16:05:36.864Z] [uploadQueue] Retrying task d96ddbc4933b04e12c738ab39f469573143949ca2c39eda0a49d16f83d40c319
[debug] [2020-10-18T16:05:36.866Z] [uploadQueue] Retrying task 0a8fa45ef4f6cb301747d57c16b88837a810416938180754f0c5bd894aa1789c
[debug] [2020-10-18T16:05:36.871Z] [uploadQueue] Retrying task 5b5700da6438de11d297bbe1692bb7e1e3a312de339138aaabb95832927bc2e7
[debug] [2020-10-18T16:05:36.873Z] [uploadQueue] Retrying task 1b79f935e315a3ed7147c4e73608fbe1532435d54487f5b4196df35c7500606d
[debug] [2020-10-18T16:05:36.904Z] [uploadQueue] Retrying task 53fa99e855cdb73bbc4989747c0471e414f4752db7c0c13287c87640e50c6035
[debug] [2020-10-18T16:05:36.910Z] [uploadQueue] Retrying task c4e9c4d31b69a7a62833a3d45c7422a6345e58a1067e73e88986f3ee87933345
[debug] [2020-10-18T16:05:36.913Z] [uploadQueue] Retrying task aff3449bdc238776f5d6d967f19ec491b36aed5fb7f23ccff6500736fd58494a
[debug] [2020-10-18T16:05:36.915Z] [uploadQueue] Retrying task 4b0e7ed5ff795664cf476932a9fc8d5876ffcd1f393724a4a5c2f0b84549102d
[debug] [2020-10-18T16:05:36.937Z] [uploadQueue] Retrying task 0d9f56955bf1f42304ab9b0b7c6ba1383dce4e2e5a5b35db9439996876dee178
[debug] [2020-10-18T16:05:36.952Z] [uploadQueue] Retrying task 2b661f7da851dbd10b01b6c5130d13e4953e137f7c47beba8f21e0292a695e13
[debug] [2020-10-18T16:05:36.957Z] [uploadQueue] Retrying task 47a30a062235331efa92919562e9c26c0b1467d85ba5393dec0ad8ffd3207d4e
[debug] [2020-10-18T16:05:36.961Z] [uploadQueue] Retrying task 3ee59515172ee198f3be375979df15ac5345183e656720a381b8872b2a39dc8b
[debug] [2020-10-18T16:05:36.963Z] [uploadQueue] Retrying task eef26590b919daa627ac7ea17e6a287721c7aad17359536a7b861c6ab1eccbaa
[debug] [2020-10-18T16:05:36.966Z] [uploadQueue] Retrying task 7721f12f1fd93bd9f90cbedf86f37e533811addc13025f8cd71f53b96898c72d
[debug] [2020-10-18T16:05:36.972Z] [uploadQueue] Retrying task 967c33d541013078331ac85ae028ede9c69598afafc4d2d00ab7db303a9943e5
[debug] [2020-10-18T16:05:36.976Z] [uploadQueue] Retrying task 603e135059af930859302fba0e77e75d65f7274fe776b628ed52f25bf7e56d98
[debug] [2020-10-18T16:05:36.979Z] [uploadQueue] Retrying task 8af9bc9bf573af4db3d81273c0f7dce8b06adb663d7d44164394f2f3cc56bea0
[debug] [2020-10-18T16:05:36.982Z] [uploadQueue] Retrying task 0ea5bd345f0a9f3090ca018fc149476748dd4ae948bb85141661fe62cb862770
[debug] [2020-10-18T16:06:01.105Z] [uploadQueue] Retrying task d96ddbc4933b04e12c738ab39f469573143949ca2c39eda0a49d16f83d40c319
[debug] [2020-10-18T16:06:01.108Z] [uploadQueue] Retrying task 0a8fa45ef4f6cb301747d57c16b88837a810416938180754f0c5bd894aa1789c
[debug] [2020-10-18T16:06:01.110Z] [uploadQueue] Retrying task bfe106a3fb878dc83461c86818bf74fc1bdc7f28538ba613cd3e775516ce8b49
[debug] [2020-10-18T16:06:01.112Z] [uploadQueue] Retrying task ee7e2f3fdb8209c4b6fd7bef6ba50d1b9dba30a25bb5c3126df057e1cb6f5331
[debug] [2020-10-18T16:06:01.114Z] [uploadQueue] Retrying task 1b79f935e315a3ed7147c4e73608fbe1532435d54487f5b4196df35c7500606d
[debug] [2020-10-18T16:06:01.118Z] [uploadQueue] Retrying task 5b5700da6438de11d297bbe1692bb7e1e3a312de339138aaabb95832927bc2e7
[debug] [2020-10-18T16:06:01.146Z] [uploadQueue] Retrying task 53fa99e855cdb73bbc4989747c0471e414f4752db7c0c13287c87640e50c6035
[debug] [2020-10-18T16:06:01.152Z] [uploadQueue] Retrying task c4e9c4d31b69a7a62833a3d45c7422a6345e58a1067e73e88986f3ee87933345
[debug] [2020-10-18T16:06:01.155Z] [uploadQueue] Retrying task aff3449bdc238776f5d6d967f19ec491b36aed5fb7f23ccff6500736fd58494a
[debug] [2020-10-18T16:06:01.156Z] [uploadQueue] Retrying task 4b0e7ed5ff795664cf476932a9fc8d5876ffcd1f393724a4a5c2f0b84549102d
[debug] [2020-10-18T16:06:01.168Z] [uploadQueue] Retrying task 0d9f56955bf1f42304ab9b0b7c6ba1383dce4e2e5a5b35db9439996876dee178
[debug] [2020-10-18T16:06:01.245Z] [uploadQueue] Retrying task 2b661f7da851dbd10b01b6c5130d13e4953e137f7c47beba8f21e0292a695e13
[debug] [2020-10-18T16:06:01.249Z] [uploadQueue] Retrying task 3ee59515172ee198f3be375979df15ac5345183e656720a381b8872b2a39dc8b
[debug] [2020-10-18T16:06:01.251Z] [uploadQueue] Retrying task 7721f12f1fd93bd9f90cbedf86f37e533811addc13025f8cd71f53b96898c72d
[debug] [2020-10-18T16:06:01.255Z] [uploadQueue] Retrying task eef26590b919daa627ac7ea17e6a287721c7aad17359536a7b861c6ab1eccbaa
[debug] [2020-10-18T16:06:01.259Z] [uploadQueue] Retrying task 47a30a062235331efa92919562e9c26c0b1467d85ba5393dec0ad8ffd3207d4e
[debug] [2020-10-18T16:06:01.265Z] [uploadQueue] Retrying task 967c33d541013078331ac85ae028ede9c69598afafc4d2d00ab7db303a9943e5
[debug] [2020-10-18T16:06:01.271Z] [uploadQueue] Retrying task 603e135059af930859302fba0e77e75d65f7274fe776b628ed52f25bf7e56d98
[debug] [2020-10-18T16:06:01.290Z] [uploadQueue] Retrying task 8af9bc9bf573af4db3d81273c0f7dce8b06adb663d7d44164394f2f3cc56bea0
[debug] [2020-10-18T16:06:01.307Z] [uploadQueue] Retrying task 0ea5bd345f0a9f3090ca018fc149476748dd4ae948bb85141661fe62cb862770
[debug] [2020-10-18T16:06:20.038Z] ----------------------------------------------------------------------
[debug] [2020-10-18T16:06:20.041Z] Command:       C:\Program Files\nodejs\node.exe C:\Users\aditya oad\AppData\Roaming\npm\node_modules\firebase-tools\lib\bin\firebase.js deploy
[debug] [2020-10-18T16:06:20.041Z] CLI Version:   8.12.1
[debug] [2020-10-18T16:06:20.041Z] Platform:      win32
[debug] [2020-10-18T16:06:20.041Z] Node Version:  v12.18.3
[debug] [2020-10-18T16:06:20.043Z] Time:          Sun Oct 18 2020 21:36:20 GMT+0530 (India Standard Time)
[debug] [2020-10-18T16:06:20.043Z] ----------------------------------------------------------------------
[debug] [2020-10-18T16:06:20.043Z] 
[debug] [2020-10-18T16:06:20.053Z] > command requires scopes: ["email","openid","https://www.googleapis.com/auth/cloudplatformprojects.readonly","https://www.googleapis.com/auth/firebase","https://www.googleapis.com/auth/cloud-platform"]
[debug] [2020-10-18T16:06:20.054Z] > authorizing via signed-in user
[debug] [2020-10-18T16:06:20.054Z] [iam] checking project cornertree-c15fa for permissions ["firebase.projects.get","firebasehosting.sites.update"]
[debug] [2020-10-18T16:06:20.058Z] >>> HTTP REQUEST POST https://cloudresourcemanager.googleapis.com/v1/projects/cornertree-c15fa:testIamPermissions  
 {"permissions":["firebase.projects.get","firebasehosting.sites.update"]}
[debug] [2020-10-18T16:06:22.027Z] <<< HTTP RESPONSE 200 {"content-type":"application/json; charset=UTF-8","vary":"X-Origin, Referer, Origin,Accept-Encoding","date":"Sun, 18 Oct 2020 16:06:20 GMT","server":"ESF","cache-control":"private","x-xss-protection":"0","x-frame-options":"SAMEORIGIN","x-content-type-options":"nosniff","server-timing":"gfet4t7; dur=1349","alt-svc":"h3-Q050=\":443\"; ma=2592000,h3-29=\":443\"; ma=2592000,h3-27=\":443\"; ma=2592000,h3-T051=\":443\"; ma=2592000,h3-T050=\":443\"; ma=2592000,h3-Q046=\":443\"; ma=2592000,h3-Q043=\":443\"; ma=2592000,quic=\":443\"; ma=2592000; v=\"46,43\"","accept-ranges":"none","transfer-encoding":"chunked"}
[debug] [2020-10-18T16:06:22.033Z] >>> HTTP REQUEST GET https://firebase.googleapis.com/v1beta1/projects/cornertree-c15fa  
 
[debug] [2020-10-18T16:06:22.809Z] <<< HTTP RESPONSE 200 {"content-type":"application/json; charset=UTF-8","vary":"X-Origin, Referer, Origin,Accept-Encoding","date":"Sun, 18 Oct 2020 16:06:21 GMT","server":"ESF","cache-control":"private","x-xss-protection":"0","x-frame-options":"SAMEORIGIN","x-content-type-options":"nosniff","alt-svc":"h3-Q050=\":443\"; ma=2592000,h3-29=\":443\"; ma=2592000,h3-27=\":443\"; ma=2592000,h3-T051=\":443\"; ma=2592000,h3-T050=\":443\"; ma=2592000,h3-Q046=\":443\"; ma=2592000,h3-Q043=\":443\"; ma=2592000,quic=\":443\"; ma=2592000; v=\"46,43\"","accept-ranges":"none","transfer-encoding":"chunked"}
[info] 
[info] === Deploying to 'cornertree-c15fa'...
[info] 
[info] i  deploying hosting 
[debug] [2020-10-18T16:06:22.824Z] >>> HTTP REQUEST POST https://firebasehosting.googleapis.com/v1beta1/sites/cornertree-c15fa/versions  
 {"config":{"rewrites":[{"glob":"**","path":"/index.html"}]},"labels":{"deployment-tool":"cli-firebase"}}
[debug] [2020-10-18T16:06:25.447Z] <<< HTTP RESPONSE 200 {"content-type":"application/json; charset=UTF-8","vary":"X-Origin, Referer, Origin,Accept-Encoding","date":"Sun, 18 Oct 2020 16:06:23 GMT","server":"ESF","cache-control":"private","x-xss-protection":"0","x-frame-options":"SAMEORIGIN","x-content-type-options":"nosniff","alt-svc":"h3-Q050=\":443\"; ma=2592000,h3-29=\":443\"; ma=2592000,h3-27=\":443\"; ma=2592000,h3-T051=\":443\"; ma=2592000,h3-T050=\":443\"; ma=2592000,h3-Q046=\":443\"; ma=2592000,h3-Q043=\":443\"; ma=2592000,quic=\":443\"; ma=2592000; v=\"46,43\"","accept-ranges":"none","transfer-encoding":"chunked"}
[info] i  hosting[cornertree-c15fa]: beginning deploy... 
[info] i  hosting[cornertree-c15fa]: found 20 files in build 
[debug] [2020-10-18T16:06:25.530Z] [hosting] hash cache [YnVpbGQ] stored for 20 files
[debug] [2020-10-18T16:06:25.531Z] [hosting][hash queue][FINAL] {"max":19,"min":1,"avg":1,"active":0,"complete":20,"success":20,"errored":0,"retried":0,"total":20,"elapsed":28}
[debug] [2020-10-18T16:06:25.532Z] >>> HTTP REQUEST POST https://firebasehosting.googleapis.com/v1beta1/sites/cornertree-c15fa/versions/163c1a23c630dbe4:populateFiles  
 <request body omitted>
[debug] [2020-10-18T16:06:27.638Z] <<< HTTP RESPONSE 200 {"content-type":"application/json; charset=UTF-8","vary":"X-Origin, Referer, Origin,Accept-Encoding","date":"Sun, 18 Oct 2020 16:06:26 GMT","server":"ESF","cache-control":"private","x-xss-protection":"0","x-frame-options":"SAMEORIGIN","x-content-type-options":"nosniff","alt-svc":"h3-Q050=\":443\"; ma=2592000,h3-29=\":443\"; ma=2592000,h3-27=\":443\"; ma=2592000,h3-T051=\":443\"; ma=2592000,h3-T050=\":443\"; ma=2592000,h3-Q046=\":443\"; ma=2592000,h3-Q043=\":443\"; ma=2592000,quic=\":443\"; ma=2592000; v=\"46,43\"","accept-ranges":"none","transfer-encoding":"chunked"}
[debug] [2020-10-18T16:06:27.688Z] [hosting][populate queue][FINAL] {"max":2119,"min":2119,"avg":2119,"active":0,"complete":1,"success":1,"errored":0,"retried":0,"total":1,"elapsed":2163}
[debug] [2020-10-18T16:06:27.689Z] [hosting] uploads queued: 20
[debug] [2020-10-18T16:06:49.386Z] [uploadQueue] Retrying task c4e9c4d31b69a7a62833a3d45c7422a6345e58a1067e73e88986f3ee87933345
[debug] [2020-10-18T16:06:49.389Z] [uploadQueue] Retrying task 5b5700da6438de11d297bbe1692bb7e1e3a312de339138aaabb95832927bc2e7
[debug] [2020-10-18T16:06:49.392Z] [uploadQueue] Retrying task ee7e2f3fdb8209c4b6fd7bef6ba50d1b9dba30a25bb5c3126df057e1cb6f5331
[debug] [2020-10-18T16:06:49.395Z] [uploadQueue] Retrying task 0d9f56955bf1f42304ab9b0b7c6ba1383dce4e2e5a5b35db9439996876dee178
[debug] [2020-10-18T16:06:49.397Z] [uploadQueue] Retrying task 2b661f7da851dbd10b01b6c5130d13e4953e137f7c47beba8f21e0292a695e13
[debug] [2020-10-18T16:06:49.399Z] [uploadQueue] Retrying task aff3449bdc238776f5d6d967f19ec491b36aed5fb7f23ccff6500736fd58494a
[debug] [2020-10-18T16:06:49.401Z] [uploadQueue] Retrying task 0a8fa45ef4f6cb301747d57c16b88837a810416938180754f0c5bd894aa1789c
[debug] [2020-10-18T16:06:49.403Z] [uploadQueue] Retrying task eef26590b919daa627ac7ea17e6a287721c7aad17359536a7b861c6ab1eccbaa
[debug] [2020-10-18T16:06:49.405Z] [uploadQueue] Retrying task 3ee59515172ee198f3be375979df15ac5345183e656720a381b8872b2a39dc8b
[debug] [2020-10-18T16:06:49.410Z] [uploadQueue] Retrying task 967c33d541013078331ac85ae028ede9c69598afafc4d2d00ab7db303a9943e5
[debug] [2020-10-18T16:06:49.416Z] [uploadQueue] Retrying task 53fa99e855cdb73bbc4989747c0471e414f4752db7c0c13287c87640e50c6035
[debug] [2020-10-18T16:06:49.423Z] [uploadQueue] Retrying task 4b0e7ed5ff795664cf476932a9fc8d5876ffcd1f393724a4a5c2f0b84549102d
[debug] [2020-10-18T16:06:49.425Z] [uploadQueue] Retrying task 7721f12f1fd93bd9f90cbedf86f37e533811addc13025f8cd71f53b96898c72d
[debug] [2020-10-18T16:06:49.428Z] [uploadQueue] Retrying task 47a30a062235331efa92919562e9c26c0b1467d85ba5393dec0ad8ffd3207d4e
[debug] [2020-10-18T16:06:49.430Z] [uploadQueue] Retrying task 1b79f935e315a3ed7147c4e73608fbe1532435d54487f5b4196df35c7500606d
[debug] [2020-10-18T16:06:49.432Z] [uploadQueue] Retrying task 603e135059af930859302fba0e77e75d65f7274fe776b628ed52f25bf7e56d98
[debug] [2020-10-18T16:06:49.436Z] [uploadQueue] Retrying task d96ddbc4933b04e12c738ab39f469573143949ca2c39eda0a49d16f83d40c319
[debug] [2020-10-18T16:06:49.439Z] [uploadQueue] Retrying task 8af9bc9bf573af4db3d81273c0f7dce8b06adb663d7d44164394f2f3cc56bea0
[debug] [2020-10-18T16:06:49.471Z] [uploadQueue] Retrying task bfe106a3fb878dc83461c86818bf74fc1bdc7f28538ba613cd3e775516ce8b49
[debug] [2020-10-18T16:06:49.476Z] [uploadQueue] Retrying task 0ea5bd345f0a9f3090ca018fc149476748dd4ae948bb85141661fe62cb862770
[debug] [2020-10-18T16:07:11.434Z] [uploadQueue] Retrying task 5b5700da6438de11d297bbe1692bb7e1e3a312de339138aaabb95832927bc2e7
[debug] [2020-10-18T16:07:11.436Z] [uploadQueue] Retrying task c4e9c4d31b69a7a62833a3d45c7422a6345e58a1067e73e88986f3ee87933345
[debug] [2020-10-18T16:07:11.437Z] [uploadQueue] Retrying task ee7e2f3fdb8209c4b6fd7bef6ba50d1b9dba30a25bb5c3126df057e1cb6f5331
[debug] [2020-10-18T16:07:11.438Z] [uploadQueue] Retrying task 0d9f56955bf1f42304ab9b0b7c6ba1383dce4e2e5a5b35db9439996876dee178
[debug] [2020-10-18T16:07:11.438Z] [uploadQueue] Retrying task 0a8fa45ef4f6cb301747d57c16b88837a810416938180754f0c5bd894aa1789c
[debug] [2020-10-18T16:07:11.440Z] [uploadQueue] Retrying task 4b0e7ed5ff795664cf476932a9fc8d5876ffcd1f393724a4a5c2f0b84549102d
[debug] [2020-10-18T16:07:11.441Z] [uploadQueue] Retrying task aff3449bdc238776f5d6d967f19ec491b36aed5fb7f23ccff6500736fd58494a
[debug] [2020-10-18T16:07:11.442Z] [uploadQueue] Retrying task eef26590b919daa627ac7ea17e6a287721c7aad17359536a7b861c6ab1eccbaa
[debug] [2020-10-18T16:07:11.445Z] [uploadQueue] Retrying task 3ee59515172ee198f3be375979df15ac5345183e656720a381b8872b2a39dc8b
[debug] [2020-10-18T16:07:11.447Z] [uploadQueue] Retrying task 7721f12f1fd93bd9f90cbedf86f37e533811addc13025f8cd71f53b96898c72d
[debug] [2020-10-18T16:07:11.450Z] [uploadQueue] Retrying task 2b661f7da851dbd10b01b6c5130d13e4953e137f7c47beba8f21e0292a695e13
[debug] [2020-10-18T16:07:11.451Z] [uploadQueue] Retrying task 53fa99e855cdb73bbc4989747c0471e414f4752db7c0c13287c87640e50c6035
[debug] [2020-10-18T16:07:11.452Z] [uploadQueue] Retrying task d96ddbc4933b04e12c738ab39f469573143949ca2c39eda0a49d16f83d40c319
[debug] [2020-10-18T16:07:11.453Z] [uploadQueue] Retrying task 1b79f935e315a3ed7147c4e73608fbe1532435d54487f5b4196df35c7500606d
[debug] [2020-10-18T16:07:11.454Z] [uploadQueue] Retrying task 967c33d541013078331ac85ae028ede9c69598afafc4d2d00ab7db303a9943e5
[debug] [2020-10-18T16:07:11.455Z] [uploadQueue] Retrying task 47a30a062235331efa92919562e9c26c0b1467d85ba5393dec0ad8ffd3207d4e
[debug] [2020-10-18T16:07:11.457Z] [uploadQueue] Retrying task 603e135059af930859302fba0e77e75d65f7274fe776b628ed52f25bf7e56d98
[debug] [2020-10-18T16:07:11.458Z] [uploadQueue] Retrying task bfe106a3fb878dc83461c86818bf74fc1bdc7f28538ba613cd3e775516ce8b49
[debug] [2020-10-18T16:07:11.486Z] [uploadQueue] Retrying task 8af9bc9bf573af4db3d81273c0f7dce8b06adb663d7d44164394f2f3cc56bea0
[debug] [2020-10-18T16:07:11.486Z] [uploadQueue] Retrying task 0ea5bd345f0a9f3090ca018fc149476748dd4ae948bb85141661fe62cb862770
[debug] [2020-10-18T16:07:34.096Z] [uploadQueue] Retrying task 0a8fa45ef4f6cb301747d57c16b88837a810416938180754f0c5bd894aa1789c
[debug] [2020-10-18T16:07:34.099Z] [uploadQueue] Retrying task 5b5700da6438de11d297bbe1692bb7e1e3a312de339138aaabb95832927bc2e7
[debug] [2020-10-18T16:07:34.101Z] [uploadQueue] Retrying task ee7e2f3fdb8209c4b6fd7bef6ba50d1b9dba30a25bb5c3126df057e1cb6f5331
[debug] [2020-10-18T16:07:34.105Z] [uploadQueue] Retrying task 0d9f56955bf1f42304ab9b0b7c6ba1383dce4e2e5a5b35db9439996876dee178
[debug] [2020-10-18T16:07:34.112Z] [uploadQueue] Retrying task c4e9c4d31b69a7a62833a3d45c7422a6345e58a1067e73e88986f3ee87933345
[debug] [2020-10-18T16:07:34.116Z] [uploadQueue] Retrying task 4b0e7ed5ff795664cf476932a9fc8d5876ffcd1f393724a4a5c2f0b84549102d
[debug] [2020-10-18T16:07:34.121Z] [uploadQueue] Retrying task aff3449bdc238776f5d6d967f19ec491b36aed5fb7f23ccff6500736fd58494a
[debug] [2020-10-18T16:07:34.124Z] [uploadQueue] Retrying task 7721f12f1fd93bd9f90cbedf86f37e533811addc13025f8cd71f53b96898c72d
[debug] [2020-10-18T16:07:34.127Z] [uploadQueue] Retrying task 3ee59515172ee198f3be375979df15ac5345183e656720a381b8872b2a39dc8b
[debug] [2020-10-18T16:07:34.129Z] [uploadQueue] Retrying task eef26590b919daa627ac7ea17e6a287721c7aad17359536a7b861c6ab1eccbaa
[debug] [2020-10-18T16:07:34.138Z] [uploadQueue] Retrying task bfe106a3fb878dc83461c86818bf74fc1bdc7f28538ba613cd3e775516ce8b49
[debug] [2020-10-18T16:07:34.140Z] [uploadQueue] Retrying task d96ddbc4933b04e12c738ab39f469573143949ca2c39eda0a49d16f83d40c319
[debug] [2020-10-18T16:07:34.142Z] [uploadQueue] Retrying task 47a30a062235331efa92919562e9c26c0b1467d85ba5393dec0ad8ffd3207d4e
[debug] [2020-10-18T16:07:34.144Z] [uploadQueue] Retrying task 2b661f7da851dbd10b01b6c5130d13e4953e137f7c47beba8f21e0292a695e13
[debug] [2020-10-18T16:07:34.146Z] [uploadQueue] Retrying task 53fa99e855cdb73bbc4989747c0471e414f4752db7c0c13287c87640e50c6035
[debug] [2020-10-18T16:07:34.149Z] [uploadQueue] Retrying task 1b79f935e315a3ed7147c4e73608fbe1532435d54487f5b4196df35c7500606d
[debug] [2020-10-18T16:07:34.166Z] [uploadQueue] Retrying task 967c33d541013078331ac85ae028ede9c69598afafc4d2d00ab7db303a9943e5
[debug] [2020-10-18T16:07:34.169Z] [uploadQueue] Retrying task 603e135059af930859302fba0e77e75d65f7274fe776b628ed52f25bf7e56d98
[debug] [2020-10-18T16:07:34.173Z] [uploadQueue] Retrying task 8af9bc9bf573af4db3d81273c0f7dce8b06adb663d7d44164394f2f3cc56bea0
[debug] [2020-10-18T16:07:34.190Z] [uploadQueue] Retrying task 0ea5bd345f0a9f3090ca018fc149476748dd4ae948bb85141661fe62cb862770
[debug] [2020-10-18T16:07:58.454Z] [uploadQueue] Retrying task 5b5700da6438de11d297bbe1692bb7e1e3a312de339138aaabb95832927bc2e7
[debug] [2020-10-18T16:07:58.460Z] [uploadQueue] Retrying task 0a8fa45ef4f6cb301747d57c16b88837a810416938180754f0c5bd894aa1789c
[debug] [2020-10-18T16:07:58.462Z] [uploadQueue] Retrying task c4e9c4d31b69a7a62833a3d45c7422a6345e58a1067e73e88986f3ee87933345
[debug] [2020-10-18T16:07:58.464Z] [uploadQueue] Retrying task 0d9f56955bf1f42304ab9b0b7c6ba1383dce4e2e5a5b35db9439996876dee178
[debug] [2020-10-18T16:07:58.466Z] [uploadQueue] Retrying task 4b0e7ed5ff795664cf476932a9fc8d5876ffcd1f393724a4a5c2f0b84549102d
[debug] [2020-10-18T16:07:58.485Z] [uploadQueue] Retrying task ee7e2f3fdb8209c4b6fd7bef6ba50d1b9dba30a25bb5c3126df057e1cb6f5331
[debug] [2020-10-18T16:07:58.487Z] [uploadQueue] Retrying task aff3449bdc238776f5d6d967f19ec491b36aed5fb7f23ccff6500736fd58494a
[debug] [2020-10-18T16:07:58.491Z] [uploadQueue] Retrying task 7721f12f1fd93bd9f90cbedf86f37e533811addc13025f8cd71f53b96898c72d
[debug] [2020-10-18T16:07:58.492Z] [uploadQueue] Retrying task 3ee59515172ee198f3be375979df15ac5345183e656720a381b8872b2a39dc8b
[debug] [2020-10-18T16:07:58.509Z] [uploadQueue] Retrying task eef26590b919daa627ac7ea17e6a287721c7aad17359536a7b861c6ab1eccbaa
[debug] [2020-10-18T16:07:58.539Z] [uploadQueue] Retrying task bfe106a3fb878dc83461c86818bf74fc1bdc7f28538ba613cd3e775516ce8b49
[debug] [2020-10-18T16:07:58.542Z] [uploadQueue] Retrying task 8af9bc9bf573af4db3d81273c0f7dce8b06adb663d7d44164394f2f3cc56bea0
[debug] [2020-10-18T16:07:58.548Z] [uploadQueue] Retrying task 1b79f935e315a3ed7147c4e73608fbe1532435d54487f5b4196df35c7500606d
[debug] [2020-10-18T16:07:58.553Z] [uploadQueue] Retrying task 603e135059af930859302fba0e77e75d65f7274fe776b628ed52f25bf7e56d98
[debug] [2020-10-18T16:07:58.557Z] [uploadQueue] Retrying task 53fa99e855cdb73bbc4989747c0471e414f4752db7c0c13287c87640e50c6035
[debug] [2020-10-18T16:07:58.561Z] [uploadQueue] Retrying task 967c33d541013078331ac85ae028ede9c69598afafc4d2d00ab7db303a9943e5
[debug] [2020-10-18T16:07:58.571Z] [uploadQueue] Retrying task 2b661f7da851dbd10b01b6c5130d13e4953e137f7c47beba8f21e0292a695e13
[debug] [2020-10-18T16:07:58.575Z] [uploadQueue] Retrying task 47a30a062235331efa92919562e9c26c0b1467d85ba5393dec0ad8ffd3207d4e
[debug] [2020-10-18T16:07:58.578Z] [uploadQueue] Retrying task d96ddbc4933b04e12c738ab39f469573143949ca2c39eda0a49d16f83d40c319
[debug] [2020-10-18T16:07:58.583Z] [uploadQueue] Retrying task 0ea5bd345f0a9f3090ca018fc149476748dd4ae948bb85141661fe62cb862770
[debug] [2020-10-18T16:08:33.999Z] ----------------------------------------------------------------------
[debug] [2020-10-18T16:08:34.002Z] Command:       C:\Program Files\nodejs\node.exe C:\Users\aditya oad\AppData\Roaming\npm\node_modules\firebase-tools\lib\bin\firebase.js deploy
[debug] [2020-10-18T16:08:34.002Z] CLI Version:   8.12.1
[debug] [2020-10-18T16:08:34.002Z] Platform:      win32
[debug] [2020-10-18T16:08:34.002Z] Node Version:  v12.18.3
[debug] [2020-10-18T16:08:34.004Z] Time:          Sun Oct 18 2020 21:38:34 GMT+0530 (India Standard Time)
[debug] [2020-10-18T16:08:34.004Z] ----------------------------------------------------------------------
[debug] [2020-10-18T16:08:34.004Z] 
[debug] [2020-10-18T16:08:34.013Z] > command requires scopes: ["email","openid","https://www.googleapis.com/auth/cloudplatformprojects.readonly","https://www.googleapis.com/auth/firebase","https://www.googleapis.com/auth/cloud-platform"]
[debug] [2020-10-18T16:08:34.014Z] > authorizing via signed-in user
[debug] [2020-10-18T16:08:34.014Z] [iam] checking project cornertree-c15fa for permissions ["firebase.projects.get","firebasehosting.sites.update"]
[debug] [2020-10-18T16:08:34.018Z] >>> HTTP REQUEST POST https://cloudresourcemanager.googleapis.com/v1/projects/cornertree-c15fa:testIamPermissions  
 {"permissions":["firebase.projects.get","firebasehosting.sites.update"]}
[debug] [2020-10-18T16:08:35.761Z] <<< HTTP RESPONSE 200 {"content-type":"application/json; charset=UTF-8","vary":"X-Origin, Referer, Origin,Accept-Encoding","date":"Sun, 18 Oct 2020 16:08:34 GMT","server":"ESF","cache-control":"private","x-xss-protection":"0","x-frame-options":"SAMEORIGIN","x-content-type-options":"nosniff","server-timing":"gfet4t7; dur=1335","alt-svc":"h3-Q050=\":443\"; ma=2592000,h3-29=\":443\"; ma=2592000,h3-27=\":443\"; ma=2592000,h3-T051=\":443\"; ma=2592000,h3-T050=\":443\"; ma=2592000,h3-Q046=\":443\"; ma=2592000,h3-Q043=\":443\"; ma=2592000,quic=\":443\"; ma=2592000; v=\"46,43\"","accept-ranges":"none","transfer-encoding":"chunked"}
[debug] [2020-10-18T16:08:35.768Z] >>> HTTP REQUEST GET https://firebase.googleapis.com/v1beta1/projects/cornertree-c15fa  
 
[debug] [2020-10-18T16:08:56.841Z] Server Error. connect ETIMEDOUT 216.58.200.138:443
[debug] [2020-10-18T16:08:57.519Z] FirebaseError: Server Error. connect ETIMEDOUT 216.58.200.138:443
    at Request._callback (C:\Users\aditya oad\AppData\Roaming\npm\node_modules\firebase-tools\lib\api.js:32:31)
    at self.callback (C:\Users\aditya oad\AppData\Roaming\npm\node_modules\firebase-tools\node_modules\request\request.js:185:22)
    at Request.emit (events.js:315:20)
    at Request.EventEmitter.emit (domain.js:483:12)
    at Request.onRequestError (C:\Users\aditya oad\AppData\Roaming\npm\node_modules\firebase-tools\node_modules\request\request.js:877:8)
    at ClientRequest.emit (events.js:327:22)
    at ClientRequest.EventEmitter.emit (domain.js:483:12)
    at TLSSocket.socketErrorListener (_http_client.js:426:9)
    at TLSSocket.emit (events.js:315:20)
    at TLSSocket.EventEmitter.emit (domain.js:483:12)
    at emitErrorNT (internal/streams/destroy.js:92:8)
    at emitErrorAndCloseNT (internal/streams/destroy.js:60:3)
    at processTicksAndRejections (internal/process/task_queues.js:84:21)
[error] 
[error] Error: Failed to get Firebase project cornertree-c15fa. Please make sure the project exists and your account has permission to access it.
